Using pre-set license
Built from '2020.3/release' branch; Version is '2020.3.1f1 (77a89f25062f) revision 7841951'; Using compiler version '192528614'; Build Type 'Release'
OS: 'Windows 10 Pro; OS build 22000.1335; Version 2009; 64bit' Language: 'tr' Physical Memory: 16221 MB
BatchMode: 1, IsHumanControllingUs: 0, StartBugReporterOnCrash: 0, Is64bit: 1, IsPro: 0

 COMMAND LINE ARGUMENTS:
C:\Program Files\Unity\Hub\Editor\2020.3.1f1\Editor\Unity.exe
-adb2
-batchMode
-noUpm
-name
AssetImportWorker0
-projectPath
C:/Users/ayber/OneDrive/Masaüstü/Count Masters
-logFile
Logs/AssetImportWorker0.log
-srvPort
49464
Successfully changed project path to: C:/Users/ayber/OneDrive/Masaüstü/Count Masters
C:/Users/ayber/OneDrive/Masaüstü/Count Masters
Using Asset Import Pipeline V2.
Refreshing native plugins compatible for Editor in 25.37 ms, found 0 plugins.
Preloading 0 native plugins for Editor in 0.00 ms.
Initialize engine version: 2020.3.1f1 (77a89f25062f)
[Subsystems] Discovering subsystems at path C:/Program Files/Unity/Hub/Editor/2020.3.1f1/Editor/Data/Resources/UnitySubsystems
[Subsystems] Discovering subsystems at path C:/Users/ayber/OneDrive/Masaüstü/Count Masters/Assets
GfxDevice: creating device client; threaded=0
Direct3D:
    Version:  Direct3D 11.0 [level 11.1]
    Renderer: NVIDIA GeForce GTX 1650 Ti (ID=0x1f95)
    Vendor:   
    VRAM:     3962 MB
    Driver:   31.0.15.1700
Initialize mono
Mono path[0] = 'C:/Program Files/Unity/Hub/Editor/2020.3.1f1/Editor/Data/Managed'
Mono path[1] = 'C:/Program Files/Unity/Hub/Editor/2020.3.1f1/Editor/Data/MonoBleedingEdge/lib/mono/unityjit'
Mono config path = 'C:/Program Files/Unity/Hub/Editor/2020.3.1f1/Editor/Data/MonoBleedingEdge/etc'
Using monoOptions --debugger-agent=transport=dt_socket,embedding=1,server=y,suspend=n,address=127.0.0.1:56984
Begin MonoManager ReloadAssembly
Registering precompiled unity dll's ...
Register platform support module: C:/Program Files/Unity/Hub/Editor/2020.3.1f1/Editor/Data/PlaybackEngines/WindowsStandaloneSupport/UnityEditor.WindowsStandalone.Extensions.dll
Registered in 0.001406 seconds.
Native extension for WindowsStandalone target not found
Refreshing native plugins compatible for Editor in 23.96 ms, found 0 plugins.
Preloading 0 native plugins for Editor in 0.00 ms.
Invoked RoslynAnalysisRunner static constructor.
RoslynAnalysisRunner will not be running.
RoslynAnalysisRunner has terminated.
Mono: successfully reloaded assembly
- Completed reload, in  1.445 seconds
Platform modules already initialized, skipping
Registering precompiled user dll's ...
Registered in 0.000551 seconds.
Begin MonoManager ReloadAssembly
Native extension for WindowsStandalone target not found
Refreshing native plugins compatible for Editor in 0.22 ms, found 0 plugins.
Preloading 0 native plugins for Editor in 0.00 ms.
Invoked RoslynAnalysisRunner static constructor.
RoslynAnalysisRunner will not be running.
RoslynAnalysisRunner has terminated.
Mono: successfully reloaded assembly
- Completed reload, in  0.760 seconds
Platform modules already initialized, skipping
========================================================================
Worker process is ready to serve import requests
Launched and connected shader compiler UnityShaderCompiler.exe after 0.03 seconds
Refreshing native plugins compatible for Editor in 0.22 ms, found 0 plugins.
Preloading 0 native plugins for Editor in 0.00 ms.
Unloading 1314 Unused Serialized files (Serialized files now loaded: 0)
System memory in use before: 64.9 MB.
System memory in use after: 64.9 MB.

Unloading 11 unused Assets to reduce memory usage. Loaded Objects now: 1756.
Total: 1.673300 ms (FindLiveObjects: 0.147900 ms CreateObjectMapping: 0.036000 ms MarkObjects: 1.425800 ms  DeleteObjects: 0.062700 ms)

========================================================================
Received Import Request.
  path: Assets/Scenes
  artifactKey: Guid(458ceb4de71cd714181d177b43091e65) Importer(815301076,1909f56bfc062723c751e8b465ee728b)
Start importing Assets/Scenes using Guid(458ceb4de71cd714181d177b43091e65) Importer(815301076,1909f56bfc062723c751e8b465ee728b)  -> (artifact id: '50ccac9b342f776940f7132bcddc9f2a') in 0.003386 seconds
  Import took 0.005057 seconds .

========================================================================
Received Import Request.
  Time since last request: 4.008370 seconds.
  path: Assets/Workplace/Scripts/Gecis.cs
  artifactKey: Guid(749308e982ae5f44188ebb5a2c53aec8) Importer(815301076,1909f56bfc062723c751e8b465ee728b)
Start importing Assets/Workplace/Scripts/Gecis.cs using Guid(749308e982ae5f44188ebb5a2c53aec8) Importer(815301076,1909f56bfc062723c751e8b465ee728b)  -> (artifact id: '11e31dc20e9a553fca18e92b88eb52c5') in 0.016324 seconds
  Import took 0.018505 seconds .

========================================================================
Received Import Request.
  Time since last request: 0.014228 seconds.
  path: Assets/Workplace/Scripts/Gecis.cs
  artifactKey: Guid(749308e982ae5f44188ebb5a2c53aec8) Importer(815301076,1909f56bfc062723c751e8b465ee728b)
Start importing Assets/Workplace/Scripts/Gecis.cs using Guid(749308e982ae5f44188ebb5a2c53aec8) Importer(815301076,1909f56bfc062723c751e8b465ee728b)  -> (artifact id: '11e31dc20e9a553fca18e92b88eb52c5') in 0.001786 seconds
  Import took 0.003901 seconds .

========================================================================
Received Import Request.
  Time since last request: 1.021000 seconds.
  path: Assets/Workplace/Scripts/PlayerCreator.cs
  artifactKey: Guid(3f8098955f82026408edff7870307b50) Importer(815301076,1909f56bfc062723c751e8b465ee728b)
Start importing Assets/Workplace/Scripts/PlayerCreator.cs using Guid(3f8098955f82026408edff7870307b50) Importer(815301076,1909f56bfc062723c751e8b465ee728b)  -> (artifact id: '0da2ad576f4acc06a5025773def9c57e') in 0.001990 seconds
  Import took 0.004080 seconds .

========================================================================
Received Import Request.
  Time since last request: 0.000774 seconds.
  path: Assets/Workplace/Scripts/PlayerCreator.cs
  artifactKey: Guid(3f8098955f82026408edff7870307b50) Importer(815301076,1909f56bfc062723c751e8b465ee728b)
Start importing Assets/Workplace/Scripts/PlayerCreator.cs using Guid(3f8098955f82026408edff7870307b50) Importer(815301076,1909f56bfc062723c751e8b465ee728b)  -> (artifact id: '0da2ad576f4acc06a5025773def9c57e') in 0.001687 seconds
  Import took 0.003546 seconds .

AssetImportWorkerClient::OnTransportError - code=2 error=End of file
